all those who believe in psychokinesis raise my hand$VAR1 = 'a';
$VAR2 = 'l';
$VAR3 = 'l';
$VAR4 = ' ';
$VAR5 = 't';
$VAR6 = 'h';
$VAR7 = 'o';
$VAR8 = 's';
$VAR9 = 'e';
$VAR10 = ' ';
$VAR11 = 'w';
$VAR12 = 'h';
$VAR13 = 'o';
$VAR14 = ' ';
$VAR15 = 'b';
$VAR16 = 'e';
$VAR17 = 'l';
$VAR18 = 'i';
$VAR19 = 'e';
$VAR20 = 'v';
$VAR21 = 'e';
$VAR22 = ' ';
$VAR23 = 'i';
$VAR24 = 'n';
$VAR25 = ' ';
$VAR26 = 'p';
$VAR27 = 's';
$VAR28 = 'y';
$VAR29 = 'c';
$VAR30 = 'h';
$VAR31 = 'o';
$VAR32 = 'k';
$VAR33 = 'i';
$VAR34 = 'n';
$VAR35 = 'e';
$VAR36 = 's';
$VAR37 = 'i';
$VAR38 = 's';
$VAR39 = ' ';
$VAR40 = 'r';
$VAR41 = 'a';
$VAR42 = 'i';
$VAR43 = 's';
$VAR44 = 'e';
$VAR45 = ' ';
$VAR46 = 'm';
$VAR47 = 'y';
$VAR48 = ' ';
$VAR49 = 'h';
$VAR50 = 'a';
$VAR51 = 'n';
$VAR52 = 'd';
llths wh blev npsychknssris myhnd
aoeoeieeioieiaiea